Starting JWKS Debug...
--- Step 1: OIDC Discovery ---

Fetching https://btuygwvelnioyavwrbxg.supabase.co/auth/v1/.well-known/openid-configuration...
Status: 200
SUCCESS. Response: {"issuer":"https://btuygwvelnioyavwrbxg.supabase.co/auth/v1","authorization_endpoint":"https://btuygwvelnioyavwrbxg.supabase.co/auth/v1/oauth/authoriz...

Found JWKS URI in OIDC: https://btuygwvelnioyavwrbxg.supabase.co/auth/v1/.well-known/jwks.json

--- Step 2: Testing JWKS URL: https://btuygwvelnioyavwrbxg.supabase.co/auth/v1/.well-known/jwks.json ---
Attempt A: No Headers

Fetching https://btuygwvelnioyavwrbxg.supabase.co/auth/v1/.well-known/jwks.json...
Status: 200
SUCCESS. Response: {"keys":[{"alg":"ES256","crv":"P-256","ext":true,"key_ops":["verify"],"kid":"6aff0a1c-f5a3-4a0c-8689-e2217445f829","kty":"EC","use":"sig","x":"LkRPnrF...
Attempt B: apikey Header

Fetching https://btuygwvelnioyavwrbxg.supabase.co/auth/v1/.well-known/jwks.json...
Status: 200
SUCCESS. Response: {"keys":[{"alg":"ES256","crv":"P-256","ext":true,"key_ops":["verify"],"kid":"6aff0a1c-f5a3-4a0c-8689-e2217445f829","kty":"EC","use":"sig","x":"LkRPnrF...
Attempt C: Authorization: Bearer Header

Fetching https://btuygwvelnioyavwrbxg.supabase.co/auth/v1/.well-known/jwks.json...
Status: 200
SUCCESS. Response: {"keys":[{"alg":"ES256","crv":"P-256","ext":true,"key_ops":["verify"],"kid":"6aff0a1c-f5a3-4a0c-8689-e2217445f829","kty":"EC","use":"sig","x":"LkRPnrF...
Attempt D: Both Headers

Fetching https://btuygwvelnioyavwrbxg.supabase.co/auth/v1/.well-known/jwks.json...
Status: 200
SUCCESS. Response: {"keys":[{"alg":"ES256","crv":"P-256","ext":true,"key_ops":["verify"],"kid":"6aff0a1c-f5a3-4a0c-8689-e2217445f829","kty":"EC","use":"sig","x":"LkRPnrF...

Finished.
